# JRE version: OpenJDK Runtime Environment JBR-17.0.8.1+7-1080.1-nomod (17.0.8.1+7) (build 17.0.8.1+7-b1080.1)
# Java VM: OpenJDK 64-Bit Server VM JBR-17.0.8.1+7-1080.1-nomod (17.0.8.1+7-b1080.1, mixed mode, tiered, compressed oops, compressed class ptrs, g1 gc, windows-amd64)
GC Precious Log:
 CPUs: 4 total, 4 available
 Memory: 4010M
 Large Page Support: Disabled
 NUMA Support: Disabled
 Compressed Oops: Enabled (32-bit)
 Heap Region Size: 1M
 Heap Min Capacity: 8M
 Heap Initial Capacity: 64M
 Heap Max Capacity: 2G
 Pre-touch: Disabled
 Parallel Workers: 4
 Concurrent Workers: 1
 Concurrent Refinement Workers: 4
 Periodic GC: Disabled
Heap:
 garbage-first heap   total 498688K, used 203965K [0x0000000080000000, 0x0000000100000000)
  region size 1024K, 97 young (99328K), 26 survivors (26624K)
 Metaspace       used 129051K, committed 129792K, reserved 1179648K
  class space    used 17070K, committed 17408K, reserved 1048576K
GC Heap History (20 events):
Event: 109.000 GC heap before
{Heap before GC invocations=41 (full 0):
 garbage-first heap   total 198656K, used 104205K [0x0000000080000000, 0x0000000100000000)
  region size 1024K, 11 young (11264K), 10 survivors (10240K)
 Metaspace       used 96050K, committed 96704K, reserved 1179648K
  class space    used 12868K, committed 13184K, reserved 1048576K
}
Event: 109.080 GC heap after
{Heap after GC invocations=42 (full 0):
 garbage-first heap   total 238592K, used 105398K [0x0000000080000000, 0x0000000100000000)
  region size 1024K, 2 young (2048K), 2 survivors (2048K)
 Metaspace       used 96050K, committed 96704K, reserved 1179648K
  class space    used 12868K, committed 13184K, reserved 1048576K
}
Event: 109.803 GC heap before
{Heap before GC invocations=42 (full 0):
 garbage-first heap   total 238592K, used 117686K [0x0000000080000000, 0x0000000100000000)
  region size 1024K, 15 young (15360K), 2 survivors (2048K)
 Metaspace       used 96248K, committed 96896K, reserved 1179648K
  class space    used 12894K, committed 13184K, reserved 1048576K
}
Event: 109.817 GC heap after
{Heap after GC invocations=43 (full 0):
 garbage-first heap   total 238592K, used 106931K [0x0000000080000000, 0x0000000100000000)
  region size 1024K, 2 young (2048K), 2 survivors (2048K)
 Metaspace       used 96248K, committed 96896K, reserved 1179648K
  class space    used 12894K, committed 13184K, reserved 1048576K
}
Event: 113.645 GC heap before
{Heap before GC invocations=43 (full 0):
 garbage-first heap   total 238592K, used 130483K [0x0000000080000000, 0x0000000100000000)
  region size 1024K, 26 young (26624K), 2 survivors (2048K)
 Metaspace       used 96753K, committed 97408K, reserved 1179648K
  class space    used 12957K, committed 13248K, reserved 1048576K
}
Event: 113.665 GC heap after
{Heap after GC invocations=44 (full 0):
 garbage-first heap   total 238592K, used 107155K [0x0000000080000000, 0x0000000100000000)
  region size 1024K, 3 young (3072K), 3 survivors (3072K)
 Metaspace       used 96753K, committed 97408K, reserved 1179648K
  class space    used 12957K, committed 13248K, reserved 1048576K
}
Event: 114.294 GC heap before
{Heap before GC invocations=44 (full 0):
 garbage-first heap   total 238592K, used 147091K [0x0000000080000000, 0x0000000100000000)
  region size 1024K, 43 young (44032K), 3 survivors (3072K)
 Metaspace       used 96837K, committed 97472K, reserved 1179648K
  class space    used 12963K, committed 13248K, reserved 1048576K
}
Event: 114.316 GC heap after
{Heap after GC invocations=45 (full 0):
 garbage-first heap   total 238592K, used 107477K [0x0000000080000000, 0x0000000100000000)
  region size 1024K, 3 young (3072K), 3 survivors (3072K)
 Metaspace       used 96837K, committed 97472K, reserved 1179648K
  class space    used 12963K, committed 13248K, reserved 1048576K
}
Event: 116.634 GC heap before
{Heap before GC invocations=45 (full 0):
 garbage-first heap   total 238592K, used 173013K [0x0000000080000000, 0x0000000100000000)
  region size 1024K, 68 young (69632K), 3 survivors (3072K)
 Metaspace       used 96989K, committed 97600K, reserved 1179648K
  class space    used 12965K, committed 13248K, reserved 1048576K
}
Event: 116.684 GC heap after
{Heap after GC invocations=46 (full 0):
 garbage-first heap   total 238592K, used 107043K [0x0000000080000000, 0x0000000100000000)
  region size 1024K, 3 young (3072K), 3 survivors (3072K)
 Metaspace       used 96989K, committed 97600K, reserved 1179648K
  class space    used 12965K, committed 13248K, reserved 1048576K
}
Event: 117.770 GC heap before
{Heap before GC invocations=46 (full 0):
 garbage-first heap   total 238592K, used 183843K [0x0000000080000000, 0x0000000100000000)
  region size 1024K, 79 young (80896K), 3 survivors (3072K)
 Metaspace       used 97018K, committed 97664K, reserved 1179648K
  class space    used 12967K, committed 13248K, reserved 1048576K
}
Event: 117.792 GC heap after
{Heap after GC invocations=47 (full 0):
 garbage-first heap   total 546816K, used 107661K [0x0000000080000000, 0x0000000100000000)
  region size 1024K, 3 young (3072K), 3 survivors (3072K)
 Metaspace       used 97018K, committed 97664K, reserved 1179648K
  class space    used 12967K, committed 13248K, reserved 1048576K
}
Event: 128.071 GC heap before
{Heap before GC invocations=48 (full 0):
 garbage-first heap   total 498688K, used 216205K [0x0000000080000000, 0x0000000100000000)
  region size 1024K, 110 young (112640K), 3 survivors (3072K)
 Metaspace       used 97418K, committed 98112K, reserved 1179648K
  class space    used 13017K, committed 13312K, reserved 1048576K
}
Event: 128.225 GC heap after
{Heap after GC invocations=49 (full 0):
 garbage-first heap   total 498688K, used 107800K [0x0000000080000000, 0x0000000100000000)
  region size 1024K, 3 young (3072K), 3 survivors (3072K)
 Metaspace       used 97418K, committed 98112K, reserved 1179648K
  class space    used 13017K, committed 13312K, reserved 1048576K
}
Event: 128.545 GC heap before
{Heap before GC invocations=49 (full 0):
 garbage-first heap   total 498688K, used 129304K [0x0000000080000000, 0x0000000100000000)
  region size 1024K, 24 young (24576K), 3 survivors (3072K)
 Metaspace       used 97981K, committed 98688K, reserved 1179648K
  class space    used 13084K, committed 13440K, reserved 1048576K
}
Event: 128.601 GC heap after
{Heap after GC invocations=50 (full 0):
 garbage-first heap   total 498688K, used 109629K [0x0000000080000000, 0x0000000100000000)
  region size 1024K, 3 young (3072K), 3 survivors (3072K)
 Metaspace       used 97981K, committed 98688K, reserved 1179648K
  class space    used 13084K, committed 13440K, reserved 1048576K
}
Event: 147.951 GC heap before
{Heap before GC invocations=50 (full 0):
 garbage-first heap   total 498688K, used 408637K [0x0000000080000000, 0x0000000100000000)
  region size 1024K, 292 young (299008K), 3 survivors (3072K)
 Metaspace       used 111194K, committed 111936K, reserved 1179648K
  class space    used 14590K, committed 14912K, reserved 1048576K
}
Event: 147.999 GC heap after
{Heap after GC invocations=51 (full 0):
 garbage-first heap   total 498688K, used 123483K [0x0000000080000000, 0x0000000100000000)
  region size 1024K, 15 young (15360K), 15 survivors (15360K)
 Metaspace       used 111194K, committed 111936K, reserved 1179648K
  class space    used 14590K, committed 14912K, reserved 1048576K
}
Event: 157.644 GC heap before
{Heap before GC invocations=51 (full 0):
 garbage-first heap   total 498688K, used 357979K [0x0000000080000000, 0x0000000100000000)
  region size 1024K, 245 young (250880K), 15 survivors (15360K)
 Metaspace       used 127475K, committed 128256K, reserved 1179648K
  class space    used 16851K, committed 17216K, reserved 1048576K
}
Event: 157.743 GC heap after
{Heap after GC invocations=52 (full 0):
 garbage-first heap   total 498688K, used 133309K [0x0000000080000000, 0x0000000100000000)
  region size 1024K, 26 young (26624K), 26 survivors (26624K)
 Metaspace       used 127475K, committed 128256K, reserved 1179648K
  class space    used 16851K, committed 17216K, reserved 1048576K
}

