# JRE version: OpenJDK Runtime Environment JBR-17.0.8.1+7-1080.1-nomod (17.0.8.1+7) (build 17.0.8.1+7-b1080.1)
# Java VM: OpenJDK 64-Bit Server VM JBR-17.0.8.1+7-1080.1-nomod (17.0.8.1+7-b1080.1, mixed mode, tiered, compressed oops, compressed class ptrs, g1 gc, windows-amd64)
GC Precious Log:
 CPUs: 4 total, 4 available
 Memory: 4010M
 Large Page Support: Disabled
 NUMA Support: Disabled
 Compressed Oops: Enabled (32-bit)
 Heap Region Size: 1M
 Heap Min Capacity: 8M
 Heap Initial Capacity: 64M
 Heap Max Capacity: 2G
 Pre-touch: Disabled
 Parallel Workers: 4
 Concurrent Workers: 1
 Concurrent Refinement Workers: 4
 Periodic GC: Disabled
Heap:
 garbage-first heap   total 78848K, used 61543K [0x0000000080000000, 0x0000000100000000)
  region size 1024K, 15 young (15360K), 1 survivors (1024K)
 Metaspace       used 56838K, committed 57344K, reserved 1114112K
  class space    used 7509K, committed 7744K, reserved 1048576K
GC Heap History (20 events):
Event: 8.866 GC heap before
{Heap before GC invocations=9 (full 0):
 garbage-first heap   total 65536K, used 32425K [0x0000000080000000, 0x0000000100000000)
  region size 1024K, 14 young (14336K), 3 survivors (3072K)
 Metaspace       used 35788K, committed 36096K, reserved 1114112K
  class space    used 4908K, committed 5056K, reserved 1048576K
}
Event: 8.877 GC heap after
{Heap after GC invocations=10 (full 0):
 garbage-first heap   total 65536K, used 25036K [0x0000000080000000, 0x0000000100000000)
  region size 1024K, 3 young (3072K), 3 survivors (3072K)
 Metaspace       used 35788K, committed 36096K, reserved 1114112K
  class space    used 4908K, committed 5056K, reserved 1048576K
}
Event: 9.658 GC heap before
{Heap before GC invocations=11 (full 0):
 garbage-first heap   total 65536K, used 49612K [0x0000000080000000, 0x0000000100000000)
  region size 1024K, 28 young (28672K), 3 survivors (3072K)
 Metaspace       used 40513K, committed 40832K, reserved 1114112K
  class space    used 5368K, committed 5504K, reserved 1048576K
}
Event: 9.676 GC heap after
{Heap after GC invocations=12 (full 0):
 garbage-first heap   total 65536K, used 28120K [0x0000000080000000, 0x0000000100000000)
  region size 1024K, 4 young (4096K), 4 survivors (4096K)
 Metaspace       used 40513K, committed 40832K, reserved 1114112K
  class space    used 5368K, committed 5504K, reserved 1048576K
}
Event: 10.276 GC heap before
{Heap before GC invocations=13 (full 0):
 garbage-first heap   total 65536K, used 51672K [0x0000000080000000, 0x0000000100000000)
  region size 1024K, 25 young (25600K), 4 survivors (4096K)
 Metaspace       used 42660K, committed 43008K, reserved 1114112K
  class space    used 5574K, committed 5696K, reserved 1048576K
}
Event: 10.288 GC heap after
{Heap after GC invocations=14 (full 0):
 garbage-first heap   total 65536K, used 31208K [0x0000000080000000, 0x0000000100000000)
  region size 1024K, 3 young (3072K), 3 survivors (3072K)
 Metaspace       used 42660K, committed 43008K, reserved 1114112K
  class space    used 5574K, committed 5696K, reserved 1048576K
}
Event: 10.738 GC heap before
{Heap before GC invocations=14 (full 0):
 garbage-first heap   total 65536K, used 50664K [0x0000000080000000, 0x0000000100000000)
  region size 1024K, 22 young (22528K), 3 survivors (3072K)
 Metaspace       used 44024K, committed 44416K, reserved 1114112K
  class space    used 5796K, committed 5952K, reserved 1048576K
}
Event: 10.751 GC heap after
{Heap after GC invocations=15 (full 0):
 garbage-first heap   total 78848K, used 32935K [0x0000000080000000, 0x0000000100000000)
  region size 1024K, 2 young (2048K), 2 survivors (2048K)
 Metaspace       used 44024K, committed 44416K, reserved 1114112K
  class space    used 5796K, committed 5952K, reserved 1048576K
}
Event: 566.526 GC heap before
{Heap before GC invocations=15 (full 0):
 garbage-first heap   total 78848K, used 60583K [0x0000000080000000, 0x0000000100000000)
  region size 1024K, 29 young (29696K), 2 survivors (2048K)
 Metaspace       used 46730K, committed 47168K, reserved 1114112K
  class space    used 6185K, committed 6400K, reserved 1048576K
}
Event: 566.606 GC heap after
{Heap after GC invocations=16 (full 0):
 garbage-first heap   total 78848K, used 34477K [0x0000000080000000, 0x0000000100000000)
  region size 1024K, 4 young (4096K), 4 survivors (4096K)
 Metaspace       used 46730K, committed 47168K, reserved 1114112K
  class space    used 6185K, committed 6400K, reserved 1048576K
}
Event: 569.934 GC heap before
{Heap before GC invocations=16 (full 0):
 garbage-first heap   total 78848K, used 61101K [0x0000000080000000, 0x0000000100000000)
  region size 1024K, 30 young (30720K), 4 survivors (4096K)
 Metaspace       used 50398K, committed 50816K, reserved 1114112K
  class space    used 6642K, committed 6848K, reserved 1048576K
}
Event: 569.967 GC heap after
{Heap after GC invocations=17 (full 0):
 garbage-first heap   total 78848K, used 36001K [0x0000000080000000, 0x0000000100000000)
  region size 1024K, 4 young (4096K), 4 survivors (4096K)
 Metaspace       used 50398K, committed 50816K, reserved 1114112K
  class space    used 6642K, committed 6848K, reserved 1048576K
}
Event: 572.353 GC heap before
{Heap before GC invocations=17 (full 0):
 garbage-first heap   total 78848K, used 62625K [0x0000000080000000, 0x0000000100000000)
  region size 1024K, 30 young (30720K), 4 survivors (4096K)
 Metaspace       used 52661K, committed 53120K, reserved 1114112K
  class space    used 6932K, committed 7104K, reserved 1048576K
}
Event: 572.386 GC heap after
{Heap after GC invocations=18 (full 0):
 garbage-first heap   total 78848K, used 38293K [0x0000000080000000, 0x0000000100000000)
  region size 1024K, 4 young (4096K), 4 survivors (4096K)
 Metaspace       used 52661K, committed 53120K, reserved 1114112K
  class space    used 6932K, committed 7104K, reserved 1048576K
}
Event: 573.941 GC heap before
{Heap before GC invocations=18 (full 0):
 garbage-first heap   total 78848K, used 49557K [0x0000000080000000, 0x0000000100000000)
  region size 1024K, 17 young (17408K), 4 survivors (4096K)
 Metaspace       used 52986K, committed 53440K, reserved 1114112K
  class space    used 6955K, committed 7168K, reserved 1048576K
}
Event: 573.981 GC heap after
{Heap after GC invocations=19 (full 0):
 garbage-first heap   total 78848K, used 38935K [0x0000000080000000, 0x0000000100000000)
  region size 1024K, 2 young (2048K), 2 survivors (2048K)
 Metaspace       used 52986K, committed 53440K, reserved 1114112K
  class space    used 6955K, committed 7168K, reserved 1048576K
}
Event: 576.469 GC heap before
{Heap before GC invocations=20 (full 0):
 garbage-first heap   total 78848K, used 66583K [0x0000000080000000, 0x0000000100000000)
  region size 1024K, 26 young (26624K), 2 survivors (2048K)
 Metaspace       used 54804K, committed 55360K, reserved 1114112K
  class space    used 7214K, committed 7424K, reserved 1048576K
}
Event: 576.488 GC heap after
{Heap after GC invocations=21 (full 0):
 garbage-first heap   total 78848K, used 48384K [0x0000000080000000, 0x0000000100000000)
  region size 1024K, 4 young (4096K), 4 survivors (4096K)
 Metaspace       used 54804K, committed 55360K, reserved 1114112K
  class space    used 7214K, committed 7424K, reserved 1048576K
}
Event: 576.626 GC heap before
{Heap before GC invocations=21 (full 0):
 garbage-first heap   total 78848K, used 49408K [0x0000000080000000, 0x0000000100000000)
  region size 1024K, 5 young (5120K), 4 survivors (4096K)
 Metaspace       used 54998K, committed 55488K, reserved 1114112K
  class space    used 7233K, committed 7424K, reserved 1048576K
}
Event: 576.640 GC heap after
{Heap after GC invocations=22 (full 0):
 garbage-first heap   total 78848K, used 48231K [0x0000000080000000, 0x0000000100000000)
  region size 1024K, 1 young (1024K), 1 survivors (1024K)
 Metaspace       used 54998K, committed 55488K, reserved 1114112K
  class space    used 7233K, committed 7424K, reserved 1048576K
}

