# JRE version: OpenJDK Runtime Environment JBR-17.0.8.1+7-1080.1-nomod (17.0.8.1+7) (build 17.0.8.1+7-b1080.1)
# Java VM: OpenJDK 64-Bit Server VM JBR-17.0.8.1+7-1080.1-nomod (17.0.8.1+7-b1080.1, mixed mode, tiered, compressed oops, compressed class ptrs, g1 gc, windows-amd64)
GC Precious Log:
 CPUs: 4 total, 4 available
 Memory: 4010M
 Large Page Support: Disabled
 NUMA Support: Disabled
 Compressed Oops: Enabled (32-bit)
 Heap Region Size: 1M
 Heap Min Capacity: 8M
 Heap Initial Capacity: 64M
 Heap Max Capacity: 2G
 Pre-touch: Disabled
 Parallel Workers: 4
 Concurrent Workers: 1
 Concurrent Refinement Workers: 4
 Periodic GC: Disabled
Heap:
 garbage-first heap   total 150528K, used 116202K [0x0000000080000000, 0x0000000100000000)
  region size 1024K, 34 young (34816K), 4 survivors (4096K)
 Metaspace       used 68581K, committed 69248K, reserved 1114112K
  class space    used 9123K, committed 9408K, reserved 1048576K
GC Heap History (20 events):
Event: 26.008 GC heap before
{Heap before GC invocations=22 (full 0):
 garbage-first heap   total 128000K, used 62145K [0x0000000080000000, 0x0000000100000000)
  region size 1024K, 6 young (6144K), 3 survivors (3072K)
 Metaspace       used 46172K, committed 46592K, reserved 1114112K
  class space    used 6124K, committed 6336K, reserved 1048576K
}
Event: 26.018 GC heap after
{Heap after GC invocations=23 (full 0):
 garbage-first heap   total 128000K, used 58769K [0x0000000080000000, 0x0000000100000000)
  region size 1024K, 1 young (1024K), 1 survivors (1024K)
 Metaspace       used 46172K, committed 46592K, reserved 1114112K
  class space    used 6124K, committed 6336K, reserved 1048576K
}
Event: 26.660 GC heap before
{Heap before GC invocations=23 (full 0):
 garbage-first heap   total 128000K, used 61841K [0x0000000080000000, 0x0000000100000000)
  region size 1024K, 5 young (5120K), 1 survivors (1024K)
 Metaspace       used 46297K, committed 46720K, reserved 1114112K
  class space    used 6141K, committed 6336K, reserved 1048576K
}
Event: 26.664 GC heap after
{Heap after GC invocations=24 (full 0):
 garbage-first heap   total 128000K, used 59680K [0x0000000080000000, 0x0000000100000000)
  region size 1024K, 2 young (2048K), 2 survivors (2048K)
 Metaspace       used 46297K, committed 46720K, reserved 1114112K
  class space    used 6141K, committed 6336K, reserved 1048576K
}
Event: 28.629 GC heap before
{Heap before GC invocations=25 (full 0):
 garbage-first heap   total 128000K, used 105760K [0x0000000080000000, 0x0000000100000000)
  region size 1024K, 40 young (40960K), 2 survivors (2048K)
 Metaspace       used 49321K, committed 49792K, reserved 1114112K
  class space    used 6455K, committed 6656K, reserved 1048576K
}
Event: 28.645 GC heap after
{Heap after GC invocations=26 (full 0):
 garbage-first heap   total 128000K, used 70643K [0x0000000080000000, 0x0000000100000000)
  region size 1024K, 5 young (5120K), 5 survivors (5120K)
 Metaspace       used 49321K, committed 49792K, reserved 1114112K
  class space    used 6455K, committed 6656K, reserved 1048576K
}
Event: 28.689 GC heap before
{Heap before GC invocations=26 (full 0):
 garbage-first heap   total 128000K, used 71667K [0x0000000080000000, 0x0000000100000000)
  region size 1024K, 6 young (6144K), 5 survivors (5120K)
 Metaspace       used 49519K, committed 50048K, reserved 1114112K
  class space    used 6486K, committed 6720K, reserved 1048576K
}
Event: 28.700 GC heap after
{Heap after GC invocations=27 (full 0):
 garbage-first heap   total 128000K, used 70552K [0x0000000080000000, 0x0000000100000000)
  region size 1024K, 1 young (1024K), 1 survivors (1024K)
 Metaspace       used 49519K, committed 50048K, reserved 1114112K
  class space    used 6486K, committed 6720K, reserved 1048576K
}
Event: 30.486 GC heap before
{Heap before GC invocations=27 (full 0):
 garbage-first heap   total 128000K, used 101272K [0x0000000080000000, 0x0000000100000000)
  region size 1024K, 31 young (31744K), 1 survivors (1024K)
 Metaspace       used 52970K, committed 53504K, reserved 1114112K
  class space    used 7077K, committed 7296K, reserved 1048576K
}
Event: 30.495 GC heap after
{Heap after GC invocations=28 (full 0):
 garbage-first heap   total 128000K, used 72339K [0x0000000080000000, 0x0000000100000000)
  region size 1024K, 3 young (3072K), 3 survivors (3072K)
 Metaspace       used 52970K, committed 53504K, reserved 1114112K
  class space    used 7077K, committed 7296K, reserved 1048576K
}
Event: 35.829 GC heap before
{Heap before GC invocations=29 (full 0):
 garbage-first heap   total 128000K, used 102035K [0x0000000080000000, 0x0000000100000000)
  region size 1024K, 33 young (33792K), 3 survivors (3072K)
 Metaspace       used 54589K, committed 55232K, reserved 1114112K
  class space    used 7244K, committed 7552K, reserved 1048576K
}
Event: 35.844 GC heap after
{Heap after GC invocations=30 (full 0):
 garbage-first heap   total 128000K, used 74176K [0x0000000080000000, 0x0000000100000000)
  region size 1024K, 4 young (4096K), 4 survivors (4096K)
 Metaspace       used 54589K, committed 55232K, reserved 1114112K
  class space    used 7244K, committed 7552K, reserved 1048576K
}
Event: 36.353 GC heap before
{Heap before GC invocations=30 (full 0):
 garbage-first heap   total 128000K, used 79296K [0x0000000080000000, 0x0000000100000000)
  region size 1024K, 6 young (6144K), 4 survivors (4096K)
 Metaspace       used 54699K, committed 55360K, reserved 1114112K
  class space    used 7264K, committed 7552K, reserved 1048576K
}
Event: 36.376 GC heap after
{Heap after GC invocations=31 (full 0):
 garbage-first heap   total 128000K, used 77719K [0x0000000080000000, 0x0000000100000000)
  region size 1024K, 1 young (1024K), 1 survivors (1024K)
 Metaspace       used 54699K, committed 55360K, reserved 1114112K
  class space    used 7264K, committed 7552K, reserved 1048576K
}
Event: 41.366 GC heap before
{Heap before GC invocations=31 (full 0):
 garbage-first heap   total 128000K, used 105367K [0x0000000080000000, 0x0000000100000000)
  region size 1024K, 28 young (28672K), 1 survivors (1024K)
 Metaspace       used 57558K, committed 58176K, reserved 1114112K
  class space    used 7752K, committed 8000K, reserved 1048576K
}
Event: 41.375 GC heap after
{Heap after GC invocations=32 (full 0):
 garbage-first heap   total 128000K, used 83968K [0x0000000080000000, 0x0000000100000000)
  region size 1024K, 4 young (4096K), 4 survivors (4096K)
 Metaspace       used 57558K, committed 58176K, reserved 1114112K
  class space    used 7752K, committed 8000K, reserved 1048576K
}
Event: 43.811 GC heap before
{Heap before GC invocations=33 (full 0):
 garbage-first heap   total 150528K, used 105472K [0x0000000080000000, 0x0000000100000000)
  region size 1024K, 25 young (25600K), 4 survivors (4096K)
 Metaspace       used 58609K, committed 59264K, reserved 1114112K
  class space    used 7870K, committed 8128K, reserved 1048576K
}
Event: 43.835 GC heap after
{Heap after GC invocations=34 (full 0):
 garbage-first heap   total 150528K, used 84502K [0x0000000080000000, 0x0000000100000000)
  region size 1024K, 2 young (2048K), 2 survivors (2048K)
 Metaspace       used 58609K, committed 59264K, reserved 1114112K
  class space    used 7870K, committed 8128K, reserved 1048576K
}
Event: 50.059 GC heap before
{Heap before GC invocations=34 (full 0):
 garbage-first heap   total 150528K, used 118294K [0x0000000080000000, 0x0000000100000000)
  region size 1024K, 35 young (35840K), 2 survivors (2048K)
 Metaspace       used 63459K, committed 64128K, reserved 1114112K
  class space    used 8513K, committed 8768K, reserved 1048576K
}
Event: 50.066 GC heap after
{Heap after GC invocations=35 (full 0):
 garbage-first heap   total 150528K, used 86506K [0x0000000080000000, 0x0000000100000000)
  region size 1024K, 4 young (4096K), 4 survivors (4096K)
 Metaspace       used 63459K, committed 64128K, reserved 1114112K
  class space    used 8513K, committed 8768K, reserved 1048576K
}

