# JRE version: OpenJDK Runtime Environment JBR-17.0.8.1+7-1080.1-nomod (17.0.8.1+7) (build 17.0.8.1+7-b1080.1)
# Java VM: OpenJDK 64-Bit Server VM JBR-17.0.8.1+7-1080.1-nomod (17.0.8.1+7-b1080.1, mixed mode, tiered, compressed oops, compressed class ptrs, g1 gc, windows-amd64)
GC Precious Log:
 CPUs: 4 total, 4 available
 Memory: 4010M
 Large Page Support: Disabled
 NUMA Support: Disabled
 Compressed Oops: Enabled (32-bit)
 Heap Region Size: 1M
 Heap Min Capacity: 8M
 Heap Initial Capacity: 64M
 Heap Max Capacity: 2G
 Pre-touch: Disabled
 Parallel Workers: 4
 Concurrent Workers: 1
 Concurrent Refinement Workers: 4
 Periodic GC: Disabled
Heap:
 garbage-first heap   total 491520K, used 372859K [0x0000000080000000, 0x0000000100000000)
  region size 1024K, 240 young (245760K), 7 survivors (7168K)
 Metaspace       used 119495K, committed 120256K, reserved 1179648K
  class space    used 15581K, committed 15936K, reserved 1048576K
GC Heap History (20 events):
Event: 45.719 GC heap before
{Heap before GC invocations=41 (full 0):
 garbage-first heap   total 225280K, used 168056K [0x0000000080000000, 0x0000000100000000)
  region size 1024K, 108 young (110592K), 9 survivors (9216K)
 Metaspace       used 95089K, committed 95744K, reserved 1179648K
  class space    used 12843K, committed 13120K, reserved 1048576K
}
Event: 45.747 GC heap after
{Heap after GC invocations=42 (full 0):
 garbage-first heap   total 225280K, used 76221K [0x0000000080000000, 0x0000000100000000)
  region size 1024K, 14 young (14336K), 14 survivors (14336K)
 Metaspace       used 95089K, committed 95744K, reserved 1179648K
  class space    used 12843K, committed 13120K, reserved 1048576K
}
Event: 49.444 GC heap before
{Heap before GC invocations=42 (full 0):
 garbage-first heap   total 225280K, used 173501K [0x0000000080000000, 0x0000000100000000)
  region size 1024K, 109 young (111616K), 14 survivors (14336K)
 Metaspace       used 99476K, committed 100160K, reserved 1179648K
  class space    used 13393K, committed 13696K, reserved 1048576K
}
Event: 49.489 GC heap after
{Heap after GC invocations=43 (full 0):
 garbage-first heap   total 225280K, used 88700K [0x0000000080000000, 0x0000000100000000)
  region size 1024K, 12 young (12288K), 12 survivors (12288K)
 Metaspace       used 99476K, committed 100160K, reserved 1179648K
  class space    used 13393K, committed 13696K, reserved 1048576K
}
Event: 53.457 GC heap before
{Heap before GC invocations=43 (full 0):
 garbage-first heap   total 225280K, used 176764K [0x0000000080000000, 0x0000000100000000)
  region size 1024K, 96 young (98304K), 12 survivors (12288K)
 Metaspace       used 103104K, committed 103808K, reserved 1179648K
  class space    used 13832K, committed 14144K, reserved 1048576K
}
Event: 53.525 GC heap after
{Heap after GC invocations=44 (full 0):
 garbage-first heap   total 225280K, used 109568K [0x0000000080000000, 0x0000000100000000)
  region size 1024K, 12 young (12288K), 12 survivors (12288K)
 Metaspace       used 103104K, committed 103808K, reserved 1179648K
  class space    used 13832K, committed 14144K, reserved 1048576K
}
Event: 53.933 GC heap before
{Heap before GC invocations=44 (full 0):
 garbage-first heap   total 225280K, used 120832K [0x0000000080000000, 0x0000000100000000)
  region size 1024K, 21 young (21504K), 12 survivors (12288K)
 Metaspace       used 103273K, committed 103936K, reserved 1179648K
  class space    used 13842K, committed 14144K, reserved 1048576K
}
Event: 53.959 GC heap after
{Heap after GC invocations=45 (full 0):
 garbage-first heap   total 225280K, used 117760K [0x0000000080000000, 0x0000000100000000)
  region size 1024K, 5 young (5120K), 5 survivors (5120K)
 Metaspace       used 103273K, committed 103936K, reserved 1179648K
  class space    used 13842K, committed 14144K, reserved 1048576K
}
Event: 56.318 GC heap before
{Heap before GC invocations=46 (full 0):
 garbage-first heap   total 244736K, used 178176K [0x0000000080000000, 0x0000000100000000)
  region size 1024K, 60 young (61440K), 5 survivors (5120K)
 Metaspace       used 105929K, committed 106624K, reserved 1179648K
  class space    used 14145K, committed 14464K, reserved 1048576K
}
Event: 56.342 GC heap after
{Heap after GC invocations=47 (full 0):
 garbage-first heap   total 244736K, used 123392K [0x0000000080000000, 0x0000000100000000)
  region size 1024K, 8 young (8192K), 8 survivors (8192K)
 Metaspace       used 105929K, committed 106624K, reserved 1179648K
  class space    used 14145K, committed 14464K, reserved 1048576K
}
Event: 56.419 GC heap before
{Heap before GC invocations=47 (full 0):
 garbage-first heap   total 244736K, used 125440K [0x0000000080000000, 0x0000000100000000)
  region size 1024K, 11 young (11264K), 8 survivors (8192K)
 Metaspace       used 105935K, committed 106624K, reserved 1179648K
  class space    used 14145K, committed 14464K, reserved 1048576K
}
Event: 56.440 GC heap after
{Heap after GC invocations=48 (full 0):
 garbage-first heap   total 244736K, used 126453K [0x0000000080000000, 0x0000000100000000)
  region size 1024K, 2 young (2048K), 2 survivors (2048K)
 Metaspace       used 105935K, committed 106624K, reserved 1179648K
  class space    used 14145K, committed 14464K, reserved 1048576K
}
Event: 58.136 GC heap before
{Heap before GC invocations=48 (full 0):
 garbage-first heap   total 244736K, used 218613K [0x0000000080000000, 0x0000000100000000)
  region size 1024K, 63 young (64512K), 2 survivors (2048K)
 Metaspace       used 109379K, committed 110016K, reserved 1179648K
  class space    used 14489K, committed 14784K, reserved 1048576K
}
Event: 58.152 GC heap after
{Heap after GC invocations=49 (full 0):
 garbage-first heap   total 244736K, used 132469K [0x0000000080000000, 0x0000000100000000)
  region size 1024K, 8 young (8192K), 8 survivors (8192K)
 Metaspace       used 109379K, committed 110016K, reserved 1179648K
  class space    used 14489K, committed 14784K, reserved 1048576K
}
Event: 59.542 GC heap before
{Heap before GC invocations=50 (full 0):
 garbage-first heap   total 245760K, used 188287K [0x0000000080000000, 0x0000000100000000)
  region size 1024K, 66 young (67584K), 8 survivors (8192K)
 Metaspace       used 111724K, committed 112384K, reserved 1179648K
  class space    used 14682K, committed 14976K, reserved 1048576K
}
Event: 59.563 GC heap after
{Heap after GC invocations=51 (full 0):
 garbage-first heap   total 245760K, used 136242K [0x0000000080000000, 0x0000000100000000)
  region size 1024K, 7 young (7168K), 7 survivors (7168K)
 Metaspace       used 111724K, committed 112384K, reserved 1179648K
  class space    used 14682K, committed 14976K, reserved 1048576K
}
Event: 59.599 GC heap before
{Heap before GC invocations=51 (full 0):
 garbage-first heap   total 245760K, used 141362K [0x0000000080000000, 0x0000000100000000)
  region size 1024K, 12 young (12288K), 7 survivors (7168K)
 Metaspace       used 111823K, committed 112512K, reserved 1179648K
  class space    used 14692K, committed 14976K, reserved 1048576K
}
Event: 59.613 GC heap after
{Heap after GC invocations=52 (full 0):
 garbage-first heap   total 245760K, used 132066K [0x0000000080000000, 0x0000000100000000)
  region size 1024K, 2 young (2048K), 2 survivors (2048K)
 Metaspace       used 111823K, committed 112512K, reserved 1179648K
  class space    used 14692K, committed 14976K, reserved 1048576K
}
Event: 62.281 GC heap before
{Heap before GC invocations=52 (full 0):
 garbage-first heap   total 245760K, used 193506K [0x0000000080000000, 0x0000000100000000)
  region size 1024K, 63 young (64512K), 2 survivors (2048K)
 Metaspace       used 116529K, committed 117248K, reserved 1179648K
  class space    used 15297K, committed 15680K, reserved 1048576K
}
Event: 62.300 GC heap after
{Heap after GC invocations=53 (full 0):
 garbage-first heap   total 491520K, used 136315K [0x0000000080000000, 0x0000000100000000)
  region size 1024K, 7 young (7168K), 7 survivors (7168K)
 Metaspace       used 116529K, committed 117248K, reserved 1179648K
  class space    used 15297K, committed 15680K, reserved 1048576K
}

